2026-05-23 12:58:42 join:wait account=acc2 link=https://t.me/javascript_jobs_feed name='JavaScript Jobs'
2026-05-23 12:58:43 join:ok account=acc2 link=https://t.me/javascript_jobs_feed chat_id=1110946746
2026-05-23 12:58:43 join:wait account=acc2 sleep_sec=1194
2026-05-23 13:01:44 join:wait account=acc2 link=https://t.me/ru_pythonjobs name='Вакансии Python'
2026-05-23 13:01:46 join:ok account=acc2 link=https://t.me/ru_pythonjobs chat_id=1049086457
2026-05-23 13:01:46 join:wait account=acc2 sleep_sec=1007
2026-05-23 13:02:22 join:wait account=acc3 link=https://t.me/wpchat name='Чат WordPress'
2026-05-23 13:02:23 join:ok account=acc3 link=https://t.me/wpchat chat_id=1112882647
2026-05-23 13:02:23 join:wait account=acc3 sleep_sec=1280
2026-05-23 13:20:32 join:wait account=acc1 link=https://t.me/kadrof_work name='Вакансии Kadrof'
2026-05-23 13:20:33 join:ok account=acc1 link=https://t.me/kadrof_work chat_id=1367389085
2026-05-23 13:20:33 join:listen:add chat_id=1367389085 path=C:\Users\hramo\uisness\data\telethon_chat_ids.txt
2026-05-23 13:20:33 join:wait account=acc1 sleep_sec=1213
2026-05-23 14:15:01 join:wait account=acc1 link=https://t.me/Frilanser_100 name='Фрилансеры Онлайн'
2026-05-23 14:15:02 join:ok account=acc1 link=https://t.me/Frilanser_100 chat_id=2101594712
2026-05-23 14:15:02 join:listen:add chat_id=2101594712 path=C:\Users\hramo\uisness\data\telethon_chat_ids.txt
2026-05-23 14:15:02 join:wait account=acc1 sleep_sec=1061
2026-05-23 14:16:01 join:wait account=acc1 link=https://t.me/distantsiya name='Distantsiya'
2026-05-23 14:16:02 join:ok account=acc1 link=https://t.me/distantsiya chat_id=1000735083
2026-05-23 14:16:02 join:listen:add chat_id=1000735083 path=C:\Users\hramo\uisness\data\telethon_chat_ids.txt
2026-05-23 14:16:15 join:daemon:старт accounts=acc2,acc3
2026-05-23 14:16:19 join:wait account=acc2 link=https://t.me/wordpress_jobs name='Вакансии WordPress'
2026-05-23 14:16:20 join:ok account=acc2 link=https://t.me/wordpress_jobs chat_id=1259741019
2026-05-23 14:16:20 join:skip:listen acc2
2026-05-23 14:16:20 join:wait account=acc2 sleep_sec=1162
2026-05-23 14:35:42 join:wait account=acc2 link=https://t.me/wpcraft name='WP Craft'
2026-05-23 14:35:44 join:ok account=acc2 link=https://t.me/wpcraft chat_id=1438487841
2026-05-23 14:35:44 join:skip:listen acc2
2026-05-23 14:35:46 join:wait account=acc3 link=https://t.me/+focfZNw0vucyODcy name='Воркзавр'
2026-05-23 14:35:47 join:ok account=acc3 link=https://t.me/+focfZNw0vucyODcy chat_id=1063542127
2026-05-23 14:35:47 join:skip:listen acc3
2026-05-23 14:37:29 join:skip account=acc1 reason=no_pending
2026-05-23 14:37:59 join:skip account=acc1 reason=no_pending
2026-05-23 14:40:18 join:skip account=acc1 reason=no_pending
2026-05-23 14:43:40 join:skip account=acc1 reason=no_pending
2026-05-23 14:49:19 join:daemon:старт accounts=acc2,acc3
2026-05-23 14:49:19 join:skip account=acc2 reason=no_pending
2026-05-23 14:49:19 join:skip account=acc3 reason=no_pending
2026-05-23 14:49:32 join:skip account=acc1 reason=no_pending
2026-05-23 14:55:37 join:daemon:старт accounts=acc2,acc3
2026-05-23 14:55:37 join:skip account=acc2 reason=no_pending
2026-05-23 14:55:37 join:skip account=acc3 reason=no_pending
2026-05-23 14:55:51 join:skip account=acc1 reason=no_pending
